#-----------------------------------------------------------
# Vivado v2018.3 (64-bit)
# SW Build 2405991 on Thu Dec  6 23:38:27 MST 2018
# IP Build 2404404 on Fri Dec  7 01:43:56 MST 2018
# Start of session at: Mon Mar 30 15:45:41 2026
# Process ID: 26184
# Current directory: C:/Users/13083/Documents/GitHub/ECE532_Project_MVP_bram_mux/Project
# Command line: vivado.exe -gui_launcher_event rodinguilauncherevent68008 C:\Users\13083\Documents\GitHub\ECE532_Project_MVP_bram_mux\Project\Project.xpr
# Log file: C:/Users/13083/Documents/GitHub/ECE532_Project_MVP_bram_mux/Project/vivado.log
# Journal file: C:/Users/13083/Documents/GitHub/ECE532_Project_MVP_bram_mux/Project\vivado.jou
#-----------------------------------------------------------
start_gui
open_project C:/Users/13083/Documents/GitHub/ECE532_Project_MVP_bram_mux/Project/Project.xpr
INFO: [Project 1-313] Project file moved from 'C:/Users/13083/Documents/GitHub/ECE532_Project_MVP/Project' since last save.
Scanning sources...
Finished scanning sources
INFO: [IP_Flow 19-234] Refreshing IP repositories
INFO: [IP_Flow 19-1704] No user IP repositories specified
INFO: [IP_Flow 19-2313] Loaded Vivado IP repository 'C:/Xilinx2018/Vivado/2018.3/data/ip'.
open_project: Time (s): cpu = 00:00:11 ; elapsed = 00:00:08 . Memory (MB): peak = 889.375 ; gain = 219.562
update_compile_order -fileset sources_1
open_hw
connect_hw_server
INFO: [Labtools 27-2285] Connecting to hw_server url TCP:localhost:3121
INFO: [Labtools 27-2222] Launching hw_server...
INFO: [Labtools 27-2221] Launch Output:

****** Xilinx hw_server v2018.3
  **** Build date : Dec  7 2018-00:40:27
    ** Copyright 1986-2018 Xilinx, Inc. All Rights Reserved.


disconnect_hw_server localhost:3121
connect_hw_server
INFO: [Labtools 27-2285] Connecting to hw_server url TCP:localhost:3121
open_hw_target
INFO: [Labtoolstcl 44-466] Opening hw_target localhost:3121/xilinx_tcf/Digilent/210292BD6C3FA
set_property PROGRAM.FILE {C:/Users/13083/Documents/GitHub/ECE532_Project_MVP_bram_mux/Project/Project.runs/impl_1/project_mvp_top.bit} [get_hw_devices xc7a100t_0]
current_hw_device [get_hw_devices xc7a100t_0]
refresh_hw_device -update_hw_probes false [lindex [get_hw_devices xc7a100t_0] 0]
INFO: [Labtools 27-1434] Device xc7a100t (JTAG device index = 0) is programmed with a design that has no supported debug core(s) in it.
set_property PROBES.FILE {} [get_hw_devices xc7a100t_0]
set_property FULL_PROBES.FILE {} [get_hw_devices xc7a100t_0]
set_property PROGRAM.FILE {C:/Users/13083/Documents/GitHub/ECE532_Project_MVP_bram_mux/Project/Project.runs/impl_1/project_mvp_top.bit} [get_hw_devices xc7a100t_0]
program_hw_devices [get_hw_devices xc7a100t_0]
INFO: [Labtools 27-3164] End of startup status: HIGH
refresh_hw_device [lindex [get_hw_devices xc7a100t_0] 0]
INFO: [Labtools 27-1434] Device xc7a100t (JTAG device index = 0) is programmed with a design that has no supported debug core(s) in it.
close_hw
close [ open C:/Users/13083/Documents/GitHub/ECE532_Project_MVP_bram_mux/Project/Project.srcs/sources_1/new/bram_mux.v w ]
add_files C:/Users/13083/Documents/GitHub/ECE532_Project_MVP_bram_mux/Project/Project.srcs/sources_1/new/bram_mux.v
update_compile_order -fileset sources_1
export_ip_user_files -of_objects  [get_files C:/Users/13083/Documents/GitHub/ECE532_Project_MVP_bram_mux/Project/Project.srcs/sources_1/new/bram_mux.v] -no_script -reset -force -quiet
remove_files  C:/Users/13083/Documents/GitHub/ECE532_Project_MVP_bram_mux/Project/Project.srcs/sources_1/new/bram_mux.v
file delete -force C:/Users/13083/Documents/GitHub/ECE532_Project_MVP_bram_mux/Project/Project.srcs/sources_1/new/bram_mux.v
close [ open C:/Users/13083/Documents/GitHub/ECE532_Project_MVP_bram_mux/Project/Project.srcs/sources_1/new/input_bram_mux.sv w ]
add_files C:/Users/13083/Documents/GitHub/ECE532_Project_MVP_bram_mux/Project/Project.srcs/sources_1/new/input_bram_mux.sv
update_compile_order -fileset sources_1
reset_run synth_1
launch_runs impl_1 -to_step write_bitstream -jobs 12
INFO: [Vivado 12-4149] The synthesis checkpoint for IP 'C:/Users/13083/Documents/GitHub/ECE532_Project_MVP_bram_mux/Project/Project.srcs/sources_1/ip/blk_mem_gen_1/blk_mem_gen_1.xci' is already up-to-date
INFO: [IP_Flow 19-1686] Generating 'Synthesis' target for IP 'blk_mem_gen_0'...
INFO: [IP_Flow 19-4993] Using cached IP synthesis design for IP blk_mem_gen_0, cache-ID = bd1750b37be37cc2; cache size = 14.609 MB.
INFO: [Vivado 12-4149] The synthesis checkpoint for IP 'C:/Users/13083/Documents/GitHub/ECE532_Project_MVP_bram_mux/Project/Project.srcs/sources_1/ip/blk_mem_gen_0/blk_mem_gen_0.xci' is already up-to-date
[Mon Mar 30 16:27:06 2026] Launched synth_1...
Run output will be captured here: C:/Users/13083/Documents/GitHub/ECE532_Project_MVP_bram_mux/Project/Project.runs/synth_1/runme.log
[Mon Mar 30 16:27:06 2026] Launched impl_1...
Run output will be captured here: C:/Users/13083/Documents/GitHub/ECE532_Project_MVP_bram_mux/Project/Project.runs/impl_1/runme.log
launch_runs: Time (s): cpu = 00:00:03 ; elapsed = 00:00:27 . Memory (MB): peak = 2031.164 ; gain = 0.000
update_compile_order -fileset sources_1
reset_run synth_1
launch_runs impl_1 -to_step write_bitstream -jobs 12
INFO: [Vivado 12-4149] The synthesis checkpoint for IP 'C:/Users/13083/Documents/GitHub/ECE532_Project_MVP_bram_mux/Project/Project.srcs/sources_1/ip/blk_mem_gen_1/blk_mem_gen_1.xci' is already up-to-date
INFO: [Vivado 12-4149] The synthesis checkpoint for IP 'C:/Users/13083/Documents/GitHub/ECE532_Project_MVP_bram_mux/Project/Project.srcs/sources_1/ip/blk_mem_gen_0/blk_mem_gen_0.xci' is already up-to-date
[Mon Mar 30 16:27:57 2026] Launched synth_1...
Run output will be captured here: C:/Users/13083/Documents/GitHub/ECE532_Project_MVP_bram_mux/Project/Project.runs/synth_1/runme.log
[Mon Mar 30 16:27:57 2026] Launched impl_1...
Run output will be captured here: C:/Users/13083/Documents/GitHub/ECE532_Project_MVP_bram_mux/Project/Project.runs/impl_1/runme.log
launch_runs: Time (s): cpu = 00:00:00 ; elapsed = 00:00:26 . Memory (MB): peak = 2031.164 ; gain = 0.000
open_hw
connect_hw_server
INFO: [Labtools 27-2285] Connecting to hw_server url TCP:localhost:3121
INFO: [Labtools 27-2222] Launching hw_server...
INFO: [Labtools 27-2221] Launch Output:

****** Xilinx hw_server v2018.3
  **** Build date : Dec  7 2018-00:40:27
    ** Copyright 1986-2018 Xilinx, Inc. All Rights Reserved.


open_hw_target
INFO: [Labtoolstcl 44-466] Opening hw_target localhost:3121/xilinx_tcf/Digilent/210292BD6C3FA
set_property PROGRAM.FILE {C:/Users/13083/Documents/GitHub/ECE532_Project_MVP_bram_mux/Project/Project.runs/impl_1/project_mvp_top.bit} [get_hw_devices xc7a100t_0]
current_hw_device [get_hw_devices xc7a100t_0]
refresh_hw_device -update_hw_probes false [lindex [get_hw_devices xc7a100t_0] 0]
INFO: [Labtools 27-1434] Device xc7a100t (JTAG device index = 0) is programmed with a design that has no supported debug core(s) in it.
set_property PROBES.FILE {} [get_hw_devices xc7a100t_0]
set_property FULL_PROBES.FILE {} [get_hw_devices xc7a100t_0]
set_property PROGRAM.FILE {C:/Users/13083/Documents/GitHub/ECE532_Project_MVP_bram_mux/Project/Project.runs/impl_1/project_mvp_top.bit} [get_hw_devices xc7a100t_0]
program_hw_devices [get_hw_devices xc7a100t_0]
INFO: [Labtools 27-3164] End of startup status: HIGH
refresh_hw_device [lindex [get_hw_devices xc7a100t_0] 0]
INFO: [Labtools 27-1434] Device xc7a100t (JTAG device index = 0) is programmed with a design that has no supported debug core(s) in it.
close_hw
reset_run synth_1
launch_runs impl_1 -to_step write_bitstream -jobs 12
INFO: [Vivado 12-4149] The synthesis checkpoint for IP 'C:/Users/13083/Documents/GitHub/ECE532_Project_MVP_bram_mux/Project/Project.srcs/sources_1/ip/blk_mem_gen_1/blk_mem_gen_1.xci' is already up-to-date
INFO: [Vivado 12-4149] The synthesis checkpoint for IP 'C:/Users/13083/Documents/GitHub/ECE532_Project_MVP_bram_mux/Project/Project.srcs/sources_1/ip/blk_mem_gen_0/blk_mem_gen_0.xci' is already up-to-date
[Mon Mar 30 16:45:44 2026] Launched synth_1...
Run output will be captured here: C:/Users/13083/Documents/GitHub/ECE532_Project_MVP_bram_mux/Project/Project.runs/synth_1/runme.log
[Mon Mar 30 16:45:44 2026] Launched impl_1...
Run output will be captured here: C:/Users/13083/Documents/GitHub/ECE532_Project_MVP_bram_mux/Project/Project.runs/impl_1/runme.log
launch_runs: Time (s): cpu = 00:00:00 ; elapsed = 00:00:25 . Memory (MB): peak = 2031.164 ; gain = 0.000
reset_run synth_1
launch_runs impl_1 -to_step write_bitstream -jobs 12
INFO: [Vivado 12-4149] The synthesis checkpoint for IP 'C:/Users/13083/Documents/GitHub/ECE532_Project_MVP_bram_mux/Project/Project.srcs/sources_1/ip/blk_mem_gen_1/blk_mem_gen_1.xci' is already up-to-date
INFO: [Vivado 12-4149] The synthesis checkpoint for IP 'C:/Users/13083/Documents/GitHub/ECE532_Project_MVP_bram_mux/Project/Project.srcs/sources_1/ip/blk_mem_gen_0/blk_mem_gen_0.xci' is already up-to-date
[Mon Mar 30 16:48:59 2026] Launched synth_1...
Run output will be captured here: C:/Users/13083/Documents/GitHub/ECE532_Project_MVP_bram_mux/Project/Project.runs/synth_1/runme.log
[Mon Mar 30 16:48:59 2026] Launched impl_1...
Run output will be captured here: C:/Users/13083/Documents/GitHub/ECE532_Project_MVP_bram_mux/Project/Project.runs/impl_1/runme.log
launch_runs: Time (s): cpu = 00:00:01 ; elapsed = 00:00:25 . Memory (MB): peak = 2595.914 ; gain = 1.402
open_hw
connect_hw_server
INFO: [Labtools 27-2285] Connecting to hw_server url TCP:localhost:3121
INFO: [Labtools 27-2222] Launching hw_server...
INFO: [Labtools 27-2221] Launch Output:

****** Xilinx hw_server v2018.3
  **** Build date : Dec  7 2018-00:40:27
    ** Copyright 1986-2018 Xilinx, Inc. All Rights Reserved.


open_hw_target
INFO: [Labtoolstcl 44-466] Opening hw_target localhost:3121/xilinx_tcf/Digilent/210292BD6C3FA
set_property PROGRAM.FILE {C:/Users/13083/Documents/GitHub/ECE532_Project_MVP_bram_mux/Project/Project.runs/impl_1/project_mvp_top.bit} [get_hw_devices xc7a100t_0]
current_hw_device [get_hw_devices xc7a100t_0]
refresh_hw_device -update_hw_probes false [lindex [get_hw_devices xc7a100t_0] 0]
INFO: [Labtools 27-1434] Device xc7a100t (JTAG device index = 0) is programmed with a design that has no supported debug core(s) in it.
set_property PROBES.FILE {} [get_hw_devices xc7a100t_0]
set_property FULL_PROBES.FILE {} [get_hw_devices xc7a100t_0]
set_property PROGRAM.FILE {C:/Users/13083/Documents/GitHub/ECE532_Project_MVP_bram_mux/Project/Project.runs/impl_1/project_mvp_top.bit} [get_hw_devices xc7a100t_0]
program_hw_devices [get_hw_devices xc7a100t_0]
INFO: [Labtools 27-3164] End of startup status: HIGH
refresh_hw_device [lindex [get_hw_devices xc7a100t_0] 0]
INFO: [Labtools 27-1434] Device xc7a100t (JTAG device index = 0) is programmed with a design that has no supported debug core(s) in it.
reset_run synth_1
WARNING: [Vivado 12-1017] Problems encountered:
1. Failed to delete one or more files in run directory C:/Users/13083/Documents/GitHub/ECE532_Project_MVP_bram_mux/Project/Project.runs/synth_1

launch_runs impl_1 -to_step write_bitstream -jobs 12
INFO: [Vivado 12-4149] The synthesis checkpoint for IP 'C:/Users/13083/Documents/GitHub/ECE532_Project_MVP_bram_mux/Project/Project.srcs/sources_1/ip/blk_mem_gen_1/blk_mem_gen_1.xci' is already up-to-date
INFO: [Vivado 12-4149] The synthesis checkpoint for IP 'C:/Users/13083/Documents/GitHub/ECE532_Project_MVP_bram_mux/Project/Project.srcs/sources_1/ip/blk_mem_gen_0/blk_mem_gen_0.xci' is already up-to-date
[Mon Mar 30 17:01:19 2026] Launched synth_1...
Run output will be captured here: C:/Users/13083/Documents/GitHub/ECE532_Project_MVP_bram_mux/Project/Project.runs/synth_1/runme.log
[Mon Mar 30 17:01:19 2026] Launched impl_1...
Run output will be captured here: C:/Users/13083/Documents/GitHub/ECE532_Project_MVP_bram_mux/Project/Project.runs/impl_1/runme.log
launch_runs: Time (s): cpu = 00:00:01 ; elapsed = 00:00:25 . Memory (MB): peak = 2596.016 ; gain = 0.000
set_property PROBES.FILE {} [get_hw_devices xc7a100t_0]
set_property FULL_PROBES.FILE {} [get_hw_devices xc7a100t_0]
set_property PROGRAM.FILE {C:/Users/13083/Documents/GitHub/ECE532_Project_MVP_bram_mux/Project/Project.runs/impl_1/project_mvp_top.bit} [get_hw_devices xc7a100t_0]
program_hw_devices [get_hw_devices xc7a100t_0]
INFO: [Labtools 27-3164] End of startup status: HIGH
refresh_hw_device [lindex [get_hw_devices xc7a100t_0] 0]
INFO: [Labtools 27-1434] Device xc7a100t (JTAG device index = 0) is programmed with a design that has no supported debug core(s) in it.
set_property PROBES.FILE {} [get_hw_devices xc7a100t_0]
set_property FULL_PROBES.FILE {} [get_hw_devices xc7a100t_0]
set_property PROGRAM.FILE {C:/Users/13083/Documents/GitHub/ECE532_Project_MVP_bram_mux/Project/Project.runs/impl_1/project_mvp_top.bit} [get_hw_devices xc7a100t_0]
program_hw_devices [get_hw_devices xc7a100t_0]
INFO: [Labtools 27-3164] End of startup status: HIGH
refresh_hw_device [lindex [get_hw_devices xc7a100t_0] 0]
INFO: [Labtools 27-1434] Device xc7a100t (JTAG device index = 0) is programmed with a design that has no supported debug core(s) in it.
ERROR: [Labtoolstcl 44-513] HW Target shutdown. Closing target: localhost:3121/xilinx_tcf/Digilent/210292BD6C3FA
exit
INFO: [Common 17-206] Exiting Vivado at Tue Mar 31 01:20:00 2026...
