#-----------------------------------------------------------
# Vivado v2018.3 (64-bit)
# SW Build 2405991 on Thu Dec  6 23:38:27 MST 2018
# IP Build 2404404 on Fri Dec  7 01:43:56 MST 2018
# Start of session at: Tue Mar 31 11:22:10 2026
# Process ID: 37656
# Current directory: C:/Users/13083/Documents/GitHub/ECE532_Project_MVP_bram_mux/Project
# Command line: vivado.exe -gui_launcher_event rodinguilauncherevent14820 C:\Users\13083\Documents\GitHub\ECE532_Project_MVP_bram_mux\Project\Project.xpr
# Log file: C:/Users/13083/Documents/GitHub/ECE532_Project_MVP_bram_mux/Project/vivado.log
# Journal file: C:/Users/13083/Documents/GitHub/ECE532_Project_MVP_bram_mux/Project\vivado.jou
#-----------------------------------------------------------
start_gui
open_project C:/Users/13083/Documents/GitHub/ECE532_Project_MVP_bram_mux/Project/Project.xpr
Scanning sources...
Finished scanning sources
INFO: [IP_Flow 19-234] Refreshing IP repositories
INFO: [IP_Flow 19-1704] No user IP repositories specified
INFO: [IP_Flow 19-2313] Loaded Vivado IP repository 'C:/Xilinx2018/Vivado/2018.3/data/ip'.
open_project: Time (s): cpu = 00:00:10 ; elapsed = 00:00:05 . Memory (MB): peak = 843.461 ; gain = 185.410
update_compile_order -fileset sources_1
INFO: [Device 21-403] Loading part xc7a100tcsg324-1
WARNING: [IP_Flow 19-4067] Ignoring invalid widget type specified checkbox.Providing a default widget
WARNING: [IP_Flow 19-4067] Ignoring invalid widget type specified checkbox.Providing a default widget
set_property -dict [list CONFIG.Write_Width_A {16} CONFIG.Read_Width_A {16} CONFIG.Write_Width_B {16} CONFIG.Read_Width_B {16} CONFIG.Load_Init_File {false} CONFIG.Coe_File {no_coe_file_loaded}] [get_ips blk_mem_gen_0]
WARNING: [IP_Flow 19-3374] An attempt to modify the value of disabled parameter 'Coe_File' from 'no_coe_file_loaded' to 'no_coe_file_loaded' has been ignored for IP 'blk_mem_gen_0'
generate_target all [get_files  C:/Users/13083/Documents/GitHub/ECE532_Project_MVP_bram_mux/Project/Project.srcs/sources_1/ip/blk_mem_gen_0/blk_mem_gen_0.xci]
INFO: [IP_Flow 19-1686] Generating 'Instantiation Template' target for IP 'blk_mem_gen_0'...
INFO: [IP_Flow 19-1686] Generating 'Synthesis' target for IP 'blk_mem_gen_0'...
INFO: [IP_Flow 19-1686] Generating 'Simulation' target for IP 'blk_mem_gen_0'...
INFO: [IP_Flow 19-1686] Generating 'Miscellaneous' target for IP 'blk_mem_gen_0'...
INFO: [IP_Flow 19-1686] Generating 'Change Log' target for IP 'blk_mem_gen_0'...
catch { config_ip_cache -export [get_ips -all blk_mem_gen_0] }
INFO: [IP_Flow 19-4993] Using cached IP synthesis design for IP blk_mem_gen_0, cache-ID = 067d9ba21d43fc27; cache size = 14.609 MB.
export_ip_user_files -of_objects [get_files C:/Users/13083/Documents/GitHub/ECE532_Project_MVP_bram_mux/Project/Project.srcs/sources_1/ip/blk_mem_gen_0/blk_mem_gen_0.xci] -no_script -sync -force -quiet
create_ip_run [get_files -of_objects [get_fileset sources_1] C:/Users/13083/Documents/GitHub/ECE532_Project_MVP_bram_mux/Project/Project.srcs/sources_1/ip/blk_mem_gen_0/blk_mem_gen_0.xci]
INFO: [Vivado 12-3453] The given sub-design is up-to-date, no action was taken.  If a run is still desired, use the '-force' option for the file:'C:/Users/13083/Documents/GitHub/ECE532_Project_MVP_bram_mux/Project/Project.srcs/sources_1/ip/blk_mem_gen_0/blk_mem_gen_0.xci'
export_simulation -of_objects [get_files C:/Users/13083/Documents/GitHub/ECE532_Project_MVP_bram_mux/Project/Project.srcs/sources_1/ip/blk_mem_gen_0/blk_mem_gen_0.xci] -directory C:/Users/13083/Documents/GitHub/ECE532_Project_MVP_bram_mux/Project/Project.ip_user_files/sim_scripts -ip_user_files_dir C:/Users/13083/Documents/GitHub/ECE532_Project_MVP_bram_mux/Project/Project.ip_user_files -ipstatic_source_dir C:/Users/13083/Documents/GitHub/ECE532_Project_MVP_bram_mux/Project/Project.ip_user_files/ipstatic -lib_map_path [list {modelsim=C:/Users/13083/Documents/GitHub/ECE532_Project_MVP_bram_mux/Project/Project.cache/compile_simlib/modelsim} {questa=C:/Users/13083/Documents/GitHub/ECE532_Project_MVP_bram_mux/Project/Project.cache/compile_simlib/questa} {riviera=C:/Users/13083/Documents/GitHub/ECE532_Project_MVP_bram_mux/Project/Project.cache/compile_simlib/riviera} {activehdl=C:/Users/13083/Documents/GitHub/ECE532_Project_MVP_bram_mux/Project/Project.cache/compile_simlib/activehdl}] -use_ip_compiled_libs -force -quiet
WARNING: [IP_Flow 19-4067] Ignoring invalid widget type specified checkbox.Providing a default widget
WARNING: [IP_Flow 19-4067] Ignoring invalid widget type specified checkbox.Providing a default widget
WARNING: [IP_Flow 19-4067] Ignoring invalid widget type specified checkbox.Providing a default widget
WARNING: [IP_Flow 19-4067] Ignoring invalid widget type specified checkbox.Providing a default widget
set_property -dict [list CONFIG.Memory_Type {True_Dual_Port_RAM} CONFIG.Write_Width_A {17} CONFIG.Read_Width_A {17} CONFIG.Write_Width_B {17} CONFIG.Read_Width_B {17} CONFIG.Register_PortA_Output_of_Memory_Primitives {true} CONFIG.Register_PortB_Output_of_Memory_Primitives {true} CONFIG.Port_B_Write_Rate {50}] [get_ips blk_mem_gen_0]
generate_target all [get_files  C:/Users/13083/Documents/GitHub/ECE532_Project_MVP_bram_mux/Project/Project.srcs/sources_1/ip/blk_mem_gen_0/blk_mem_gen_0.xci]
INFO: [IP_Flow 19-1686] Generating 'Instantiation Template' target for IP 'blk_mem_gen_0'...
INFO: [IP_Flow 19-1686] Generating 'Synthesis' target for IP 'blk_mem_gen_0'...
INFO: [IP_Flow 19-1686] Generating 'Simulation' target for IP 'blk_mem_gen_0'...
INFO: [IP_Flow 19-1686] Generating 'Miscellaneous' target for IP 'blk_mem_gen_0'...
INFO: [IP_Flow 19-1686] Generating 'Change Log' target for IP 'blk_mem_gen_0'...
catch { config_ip_cache -export [get_ips -all blk_mem_gen_0] }
export_ip_user_files -of_objects [get_files C:/Users/13083/Documents/GitHub/ECE532_Project_MVP_bram_mux/Project/Project.srcs/sources_1/ip/blk_mem_gen_0/blk_mem_gen_0.xci] -no_script -sync -force -quiet
create_ip_run [get_files -of_objects [get_fileset sources_1] C:/Users/13083/Documents/GitHub/ECE532_Project_MVP_bram_mux/Project/Project.srcs/sources_1/ip/blk_mem_gen_0/blk_mem_gen_0.xci]
launch_runs -jobs 12 blk_mem_gen_0_synth_1
[Tue Mar 31 11:39:32 2026] Launched blk_mem_gen_0_synth_1...
Run output will be captured here: C:/Users/13083/Documents/GitHub/ECE532_Project_MVP_bram_mux/Project/Project.runs/blk_mem_gen_0_synth_1/runme.log
launch_runs: Time (s): cpu = 00:00:01 ; elapsed = 00:00:25 . Memory (MB): peak = 1263.453 ; gain = 0.000
export_simulation -of_objects [get_files C:/Users/13083/Documents/GitHub/ECE532_Project_MVP_bram_mux/Project/Project.srcs/sources_1/ip/blk_mem_gen_0/blk_mem_gen_0.xci] -directory C:/Users/13083/Documents/GitHub/ECE532_Project_MVP_bram_mux/Project/Project.ip_user_files/sim_scripts -ip_user_files_dir C:/Users/13083/Documents/GitHub/ECE532_Project_MVP_bram_mux/Project/Project.ip_user_files -ipstatic_source_dir C:/Users/13083/Documents/GitHub/ECE532_Project_MVP_bram_mux/Project/Project.ip_user_files/ipstatic -lib_map_path [list {modelsim=C:/Users/13083/Documents/GitHub/ECE532_Project_MVP_bram_mux/Project/Project.cache/compile_simlib/modelsim} {questa=C:/Users/13083/Documents/GitHub/ECE532_Project_MVP_bram_mux/Project/Project.cache/compile_simlib/questa} {riviera=C:/Users/13083/Documents/GitHub/ECE532_Project_MVP_bram_mux/Project/Project.cache/compile_simlib/riviera} {activehdl=C:/Users/13083/Documents/GitHub/ECE532_Project_MVP_bram_mux/Project/Project.cache/compile_simlib/activehdl}] -use_ip_compiled_libs -force -quiet
WARNING: [IP_Flow 19-4067] Ignoring invalid widget type specified checkbox.Providing a default widget
WARNING: [IP_Flow 19-4067] Ignoring invalid widget type specified checkbox.Providing a default widget
WARNING: [IP_Flow 19-4067] Ignoring invalid widget type specified checkbox.Providing a default widget
WARNING: [IP_Flow 19-4067] Ignoring invalid widget type specified checkbox.Providing a default widget
WARNING: [IP_Flow 19-4067] Ignoring invalid widget type specified checkbox.Providing a default widget
WARNING: [IP_Flow 19-4067] Ignoring invalid widget type specified checkbox.Providing a default widget
WARNING: [IP_Flow 19-4067] Ignoring invalid widget type specified checkbox.Providing a default widget
WARNING: [IP_Flow 19-4067] Ignoring invalid widget type specified checkbox.Providing a default widget
set_property -dict [list CONFIG.Register_PortA_Output_of_Memory_Primitives {false} CONFIG.Register_PortB_Output_of_Memory_Primitives {false}] [get_ips blk_mem_gen_0]
generate_target all [get_files  C:/Users/13083/Documents/GitHub/ECE532_Project_MVP_bram_mux/Project/Project.srcs/sources_1/ip/blk_mem_gen_0/blk_mem_gen_0.xci]
INFO: [IP_Flow 19-1686] Generating 'Instantiation Template' target for IP 'blk_mem_gen_0'...
INFO: [IP_Flow 19-1686] Generating 'Synthesis' target for IP 'blk_mem_gen_0'...
INFO: [IP_Flow 19-1686] Generating 'Simulation' target for IP 'blk_mem_gen_0'...
INFO: [IP_Flow 19-1686] Generating 'Miscellaneous' target for IP 'blk_mem_gen_0'...
INFO: [IP_Flow 19-1686] Generating 'Change Log' target for IP 'blk_mem_gen_0'...
catch { config_ip_cache -export [get_ips -all blk_mem_gen_0] }
export_ip_user_files -of_objects [get_files C:/Users/13083/Documents/GitHub/ECE532_Project_MVP_bram_mux/Project/Project.srcs/sources_1/ip/blk_mem_gen_0/blk_mem_gen_0.xci] -no_script -sync -force -quiet
reset_run blk_mem_gen_0_synth_1
launch_runs -jobs 12 blk_mem_gen_0_synth_1
[Tue Mar 31 11:42:42 2026] Launched blk_mem_gen_0_synth_1...
Run output will be captured here: C:/Users/13083/Documents/GitHub/ECE532_Project_MVP_bram_mux/Project/Project.runs/blk_mem_gen_0_synth_1/runme.log
launch_runs: Time (s): cpu = 00:00:01 ; elapsed = 00:00:25 . Memory (MB): peak = 1307.816 ; gain = 0.000
export_simulation -of_objects [get_files C:/Users/13083/Documents/GitHub/ECE532_Project_MVP_bram_mux/Project/Project.srcs/sources_1/ip/blk_mem_gen_0/blk_mem_gen_0.xci] -directory C:/Users/13083/Documents/GitHub/ECE532_Project_MVP_bram_mux/Project/Project.ip_user_files/sim_scripts -ip_user_files_dir C:/Users/13083/Documents/GitHub/ECE532_Project_MVP_bram_mux/Project/Project.ip_user_files -ipstatic_source_dir C:/Users/13083/Documents/GitHub/ECE532_Project_MVP_bram_mux/Project/Project.ip_user_files/ipstatic -lib_map_path [list {modelsim=C:/Users/13083/Documents/GitHub/ECE532_Project_MVP_bram_mux/Project/Project.cache/compile_simlib/modelsim} {questa=C:/Users/13083/Documents/GitHub/ECE532_Project_MVP_bram_mux/Project/Project.cache/compile_simlib/questa} {riviera=C:/Users/13083/Documents/GitHub/ECE532_Project_MVP_bram_mux/Project/Project.cache/compile_simlib/riviera} {activehdl=C:/Users/13083/Documents/GitHub/ECE532_Project_MVP_bram_mux/Project/Project.cache/compile_simlib/activehdl}] -use_ip_compiled_libs -force -quiet
WARNING: [IP_Flow 19-4067] Ignoring invalid widget type specified checkbox.Providing a default widget
WARNING: [IP_Flow 19-4067] Ignoring invalid widget type specified checkbox.Providing a default widget
reset_run synth_1
launch_runs impl_1 -to_step write_bitstream -jobs 12
INFO: [Vivado 12-4149] The synthesis checkpoint for IP 'C:/Users/13083/Documents/GitHub/ECE532_Project_MVP_bram_mux/Project/Project.srcs/sources_1/ip/blk_mem_gen_1/blk_mem_gen_1.xci' is already up-to-date
[Tue Mar 31 12:05:35 2026] Launched synth_1...
Run output will be captured here: C:/Users/13083/Documents/GitHub/ECE532_Project_MVP_bram_mux/Project/Project.runs/synth_1/runme.log
[Tue Mar 31 12:05:35 2026] Launched impl_1...
Run output will be captured here: C:/Users/13083/Documents/GitHub/ECE532_Project_MVP_bram_mux/Project/Project.runs/impl_1/runme.log
launch_runs: Time (s): cpu = 00:00:01 ; elapsed = 00:00:25 . Memory (MB): peak = 1307.816 ; gain = 0.000
open_hw
connect_hw_server
INFO: [Labtools 27-2285] Connecting to hw_server url TCP:localhost:3121
INFO: [Labtools 27-2222] Launching hw_server...
INFO: [Labtools 27-2221] Launch Output:

****** Xilinx hw_server v2018.3
  **** Build date : Dec  7 2018-00:40:27
    ** Copyright 1986-2018 Xilinx, Inc. All Rights Reserved.


connect_hw_server: Time (s): cpu = 00:00:01 ; elapsed = 00:00:05 . Memory (MB): peak = 1307.816 ; gain = 0.000
open_hw_target
INFO: [Labtoolstcl 44-466] Opening hw_target localhost:3121/xilinx_tcf/Digilent/210292BD6C3FA
set_property PROGRAM.FILE {C:/Users/13083/Documents/GitHub/ECE532_Project_MVP_bram_mux/Project/Project.runs/impl_1/project_mvp_top.bit} [get_hw_devices xc7a100t_0]
current_hw_device [get_hw_devices xc7a100t_0]
refresh_hw_device -update_hw_probes false [lindex [get_hw_devices xc7a100t_0] 0]
INFO: [Labtools 27-1434] Device xc7a100t (JTAG device index = 0) is programmed with a design that has no supported debug core(s) in it.
set_property PROBES.FILE {} [get_hw_devices xc7a100t_0]
set_property FULL_PROBES.FILE {} [get_hw_devices xc7a100t_0]
set_property PROGRAM.FILE {C:/Users/13083/Documents/GitHub/ECE532_Project_MVP_bram_mux/Project/Project.runs/impl_1/project_mvp_top.bit} [get_hw_devices xc7a100t_0]
program_hw_devices [get_hw_devices xc7a100t_0]
INFO: [Labtools 27-3164] End of startup status: HIGH
refresh_hw_device [lindex [get_hw_devices xc7a100t_0] 0]
INFO: [Labtools 27-1434] Device xc7a100t (JTAG device index = 0) is programmed with a design that has no supported debug core(s) in it.
reset_run synth_1
launch_runs impl_1 -to_step write_bitstream -jobs 12
INFO: [Vivado 12-4149] The synthesis checkpoint for IP 'C:/Users/13083/Documents/GitHub/ECE532_Project_MVP_bram_mux/Project/Project.srcs/sources_1/ip/blk_mem_gen_1/blk_mem_gen_1.xci' is already up-to-date
[Tue Mar 31 12:25:47 2026] Launched synth_1...
Run output will be captured here: C:/Users/13083/Documents/GitHub/ECE532_Project_MVP_bram_mux/Project/Project.runs/synth_1/runme.log
[Tue Mar 31 12:25:47 2026] Launched impl_1...
Run output will be captured here: C:/Users/13083/Documents/GitHub/ECE532_Project_MVP_bram_mux/Project/Project.runs/impl_1/runme.log
launch_runs: Time (s): cpu = 00:00:01 ; elapsed = 00:00:27 . Memory (MB): peak = 2297.711 ; gain = 0.000
set_property PROBES.FILE {} [get_hw_devices xc7a100t_0]
set_property FULL_PROBES.FILE {} [get_hw_devices xc7a100t_0]
set_property PROGRAM.FILE {C:/Users/13083/Documents/GitHub/ECE532_Project_MVP_bram_mux/Project/Project.runs/impl_1/project_mvp_top.bit} [get_hw_devices xc7a100t_0]
program_hw_devices [get_hw_devices xc7a100t_0]
INFO: [Labtools 27-3164] End of startup status: HIGH
refresh_hw_device [lindex [get_hw_devices xc7a100t_0] 0]
INFO: [Labtools 27-1434] Device xc7a100t (JTAG device index = 0) is programmed with a design that has no supported debug core(s) in it.
