#-----------------------------------------------------------
# Vivado v2018.3 (64-bit)
# SW Build 2405991 on Thu Dec  6 23:38:27 MST 2018
# IP Build 2404404 on Fri Dec  7 01:43:56 MST 2018
# Start of session at: Sun Mar 22 12:23:18 2026
# Process ID: 10452
# Current directory: C:/Users/13083/Documents/GitHub/ECE532_Project_MVP/Project
# Command line: vivado.exe -gui_launcher_event rodinguilauncherevent564 C:\Users\13083\Documents\GitHub\ECE532_Project_MVP\Project\Project.xpr
# Log file: C:/Users/13083/Documents/GitHub/ECE532_Project_MVP/Project/vivado.log
# Journal file: C:/Users/13083/Documents/GitHub/ECE532_Project_MVP/Project\vivado.jou
#-----------------------------------------------------------
start_gui
open_project C:/Users/13083/Documents/GitHub/ECE532_Project_MVP/Project/Project.xpr
Scanning sources...
Finished scanning sources
INFO: [IP_Flow 19-234] Refreshing IP repositories
INFO: [IP_Flow 19-1704] No user IP repositories specified
INFO: [IP_Flow 19-2313] Loaded Vivado IP repository 'C:/Xilinx2018/Vivado/2018.3/data/ip'.
open_project: Time (s): cpu = 00:00:12 ; elapsed = 00:00:09 . Memory (MB): peak = 906.121 ; gain = 240.801
update_compile_order -fileset sources_1
INFO: [Device 21-403] Loading part xc7a100tcsg324-1
WARNING: [IP_Flow 19-4067] Ignoring invalid widget type specified checkbox.Providing a default widget
WARNING: [IP_Flow 19-4067] Ignoring invalid widget type specified checkbox.Providing a default widget
set_property -dict [list CONFIG.Write_Depth_A {62500}] [get_ips blk_mem_gen_1]
generate_target all [get_files  C:/Users/13083/Documents/GitHub/ECE532_Project_MVP/Project/Project.srcs/sources_1/ip/blk_mem_gen_1/blk_mem_gen_1.xci]
INFO: [IP_Flow 19-1686] Generating 'Instantiation Template' target for IP 'blk_mem_gen_1'...
INFO: [IP_Flow 19-1686] Generating 'Synthesis' target for IP 'blk_mem_gen_1'...
INFO: [IP_Flow 19-1686] Generating 'Simulation' target for IP 'blk_mem_gen_1'...
INFO: [IP_Flow 19-1686] Generating 'Miscellaneous' target for IP 'blk_mem_gen_1'...
INFO: [IP_Flow 19-1686] Generating 'Change Log' target for IP 'blk_mem_gen_1'...
catch { config_ip_cache -export [get_ips -all blk_mem_gen_1] }
INFO: [IP_Flow 19-4993] Using cached IP synthesis design for IP blk_mem_gen_1, cache-ID = 87808a8f9711eb8c; cache size = 14.396 MB.
catch { [ delete_ip_run [get_ips -all blk_mem_gen_1] ] }
INFO: [Project 1-386] Moving file 'C:/Users/13083/Documents/GitHub/ECE532_Project_MVP/Project/Project.srcs/sources_1/ip/blk_mem_gen_1/blk_mem_gen_1.xci' from fileset 'blk_mem_gen_1' to fileset 'sources_1'.
export_ip_user_files -of_objects [get_files C:/Users/13083/Documents/GitHub/ECE532_Project_MVP/Project/Project.srcs/sources_1/ip/blk_mem_gen_1/blk_mem_gen_1.xci] -no_script -sync -force -quiet
create_ip_run [get_files -of_objects [get_fileset sources_1] C:/Users/13083/Documents/GitHub/ECE532_Project_MVP/Project/Project.srcs/sources_1/ip/blk_mem_gen_1/blk_mem_gen_1.xci]
INFO: [Vivado 12-3453] The given sub-design is up-to-date, no action was taken.  If a run is still desired, use the '-force' option for the file:'C:/Users/13083/Documents/GitHub/ECE532_Project_MVP/Project/Project.srcs/sources_1/ip/blk_mem_gen_1/blk_mem_gen_1.xci'
export_simulation -of_objects [get_files C:/Users/13083/Documents/GitHub/ECE532_Project_MVP/Project/Project.srcs/sources_1/ip/blk_mem_gen_1/blk_mem_gen_1.xci] -directory C:/Users/13083/Documents/GitHub/ECE532_Project_MVP/Project/Project.ip_user_files/sim_scripts -ip_user_files_dir C:/Users/13083/Documents/GitHub/ECE532_Project_MVP/Project/Project.ip_user_files -ipstatic_source_dir C:/Users/13083/Documents/GitHub/ECE532_Project_MVP/Project/Project.ip_user_files/ipstatic -lib_map_path [list {modelsim=C:/Users/13083/Documents/GitHub/ECE532_Project_MVP/Project/Project.cache/compile_simlib/modelsim} {questa=C:/Users/13083/Documents/GitHub/ECE532_Project_MVP/Project/Project.cache/compile_simlib/questa} {riviera=C:/Users/13083/Documents/GitHub/ECE532_Project_MVP/Project/Project.cache/compile_simlib/riviera} {activehdl=C:/Users/13083/Documents/GitHub/ECE532_Project_MVP/Project/Project.cache/compile_simlib/activehdl}] -use_ip_compiled_libs -force -quiet
update_compile_order -fileset sources_1
reset_run synth_1
launch_runs impl_1 -to_step write_bitstream -jobs 12
INFO: [Vivado 12-4149] The synthesis checkpoint for IP 'C:/Users/13083/Documents/GitHub/ECE532_Project_MVP/Project/Project.srcs/sources_1/ip/blk_mem_gen_1/blk_mem_gen_1.xci' is already up-to-date
[Sun Mar 22 13:18:19 2026] Launched synth_1...
Run output will be captured here: C:/Users/13083/Documents/GitHub/ECE532_Project_MVP/Project/Project.runs/synth_1/runme.log
[Sun Mar 22 13:18:19 2026] Launched impl_1...
Run output will be captured here: C:/Users/13083/Documents/GitHub/ECE532_Project_MVP/Project/Project.runs/impl_1/runme.log
launch_runs: Time (s): cpu = 00:00:00 ; elapsed = 00:00:25 . Memory (MB): peak = 1337.520 ; gain = 12.078
open_hw
connect_hw_server
INFO: [Labtools 27-2285] Connecting to hw_server url TCP:localhost:3121
INFO: [Labtools 27-2222] Launching hw_server...
INFO: [Labtools 27-2221] Launch Output:

****** Xilinx hw_server v2018.3
  **** Build date : Dec  7 2018-00:40:27
    ** Copyright 1986-2018 Xilinx, Inc. All Rights Reserved.


connect_hw_server: Time (s): cpu = 00:00:00 ; elapsed = 00:00:06 . Memory (MB): peak = 1337.520 ; gain = 0.000
open_hw_target
INFO: [Labtoolstcl 44-466] Opening hw_target localhost:3121/xilinx_tcf/Digilent/210292BD6C3FA
set_property PROGRAM.FILE {C:/Users/13083/Documents/GitHub/ECE532_Project_MVP/Project/Project.runs/impl_1/project_mvp_top.bit} [get_hw_devices xc7a100t_0]
current_hw_device [get_hw_devices xc7a100t_0]
refresh_hw_device -update_hw_probes false [lindex [get_hw_devices xc7a100t_0] 0]
INFO: [Labtools 27-1434] Device xc7a100t (JTAG device index = 0) is programmed with a design that has no supported debug core(s) in it.
set_property PROBES.FILE {} [get_hw_devices xc7a100t_0]
set_property FULL_PROBES.FILE {} [get_hw_devices xc7a100t_0]
set_property PROGRAM.FILE {C:/Users/13083/Documents/GitHub/ECE532_Project_MVP/Project/Project.runs/impl_1/project_mvp_top.bit} [get_hw_devices xc7a100t_0]
program_hw_devices [get_hw_devices xc7a100t_0]
INFO: [Labtools 27-3164] End of startup status: HIGH
refresh_hw_device [lindex [get_hw_devices xc7a100t_0] 0]
INFO: [Labtools 27-1434] Device xc7a100t (JTAG device index = 0) is programmed with a design that has no supported debug core(s) in it.
close_hw
WARNING: [IP_Flow 19-4067] Ignoring invalid widget type specified checkbox.Providing a default widget
WARNING: [IP_Flow 19-4067] Ignoring invalid widget type specified checkbox.Providing a default widget
WARNING: [IP_Flow 19-4067] Ignoring invalid widget type specified checkbox.Providing a default widget
WARNING: [IP_Flow 19-4067] Ignoring invalid widget type specified checkbox.Providing a default widget
reset_run synth_1
launch_runs impl_1 -to_step write_bitstream -jobs 12
INFO: [Vivado 12-4149] The synthesis checkpoint for IP 'C:/Users/13083/Documents/GitHub/ECE532_Project_MVP/Project/Project.srcs/sources_1/ip/blk_mem_gen_1/blk_mem_gen_1.xci' is already up-to-date
[Sun Mar 22 13:32:37 2026] Launched synth_1...
Run output will be captured here: C:/Users/13083/Documents/GitHub/ECE532_Project_MVP/Project/Project.runs/synth_1/runme.log
[Sun Mar 22 13:32:37 2026] Launched impl_1...
Run output will be captured here: C:/Users/13083/Documents/GitHub/ECE532_Project_MVP/Project/Project.runs/impl_1/runme.log
launch_runs: Time (s): cpu = 00:00:01 ; elapsed = 00:00:25 . Memory (MB): peak = 2323.344 ; gain = 0.000
reset_run synth_1
launch_runs impl_1 -to_step write_bitstream -jobs 12
INFO: [Vivado 12-4149] The synthesis checkpoint for IP 'C:/Users/13083/Documents/GitHub/ECE532_Project_MVP/Project/Project.srcs/sources_1/ip/blk_mem_gen_1/blk_mem_gen_1.xci' is already up-to-date
[Sun Mar 22 13:36:11 2026] Launched synth_1...
Run output will be captured here: C:/Users/13083/Documents/GitHub/ECE532_Project_MVP/Project/Project.runs/synth_1/runme.log
[Sun Mar 22 13:36:11 2026] Launched impl_1...
Run output will be captured here: C:/Users/13083/Documents/GitHub/ECE532_Project_MVP/Project/Project.runs/impl_1/runme.log
launch_runs: Time (s): cpu = 00:00:01 ; elapsed = 00:00:25 . Memory (MB): peak = 2323.344 ; gain = 0.000
reset_run synth_1
launch_runs impl_1 -to_step write_bitstream -jobs 12
INFO: [Vivado 12-4149] The synthesis checkpoint for IP 'C:/Users/13083/Documents/GitHub/ECE532_Project_MVP/Project/Project.srcs/sources_1/ip/blk_mem_gen_1/blk_mem_gen_1.xci' is already up-to-date
[Sun Mar 22 13:37:31 2026] Launched synth_1...
Run output will be captured here: C:/Users/13083/Documents/GitHub/ECE532_Project_MVP/Project/Project.runs/synth_1/runme.log
[Sun Mar 22 13:37:31 2026] Launched impl_1...
Run output will be captured here: C:/Users/13083/Documents/GitHub/ECE532_Project_MVP/Project/Project.runs/impl_1/runme.log
launch_runs: Time (s): cpu = 00:00:01 ; elapsed = 00:00:25 . Memory (MB): peak = 2472.965 ; gain = 0.000
open_hw
connect_hw_server
INFO: [Labtools 27-2285] Connecting to hw_server url TCP:localhost:3121
INFO: [Labtools 27-2222] Launching hw_server...
INFO: [Labtools 27-2221] Launch Output:

****** Xilinx hw_server v2018.3
  **** Build date : Dec  7 2018-00:40:27
    ** Copyright 1986-2018 Xilinx, Inc. All Rights Reserved.


open_hw_target
INFO: [Labtoolstcl 44-466] Opening hw_target localhost:3121/xilinx_tcf/Digilent/210292BD6C3FA
set_property PROGRAM.FILE {C:/Users/13083/Documents/GitHub/ECE532_Project_MVP/Project/Project.runs/impl_1/project_mvp_top.bit} [get_hw_devices xc7a100t_0]
current_hw_device [get_hw_devices xc7a100t_0]
refresh_hw_device -update_hw_probes false [lindex [get_hw_devices xc7a100t_0] 0]
INFO: [Labtools 27-1434] Device xc7a100t (JTAG device index = 0) is programmed with a design that has no supported debug core(s) in it.
set_property PROBES.FILE {} [get_hw_devices xc7a100t_0]
set_property FULL_PROBES.FILE {} [get_hw_devices xc7a100t_0]
set_property PROGRAM.FILE {C:/Users/13083/Documents/GitHub/ECE532_Project_MVP/Project/Project.runs/impl_1/project_mvp_top.bit} [get_hw_devices xc7a100t_0]
program_hw_devices [get_hw_devices xc7a100t_0]
INFO: [Labtools 27-3164] End of startup status: HIGH
refresh_hw_device [lindex [get_hw_devices xc7a100t_0] 0]
INFO: [Labtools 27-1434] Device xc7a100t (JTAG device index = 0) is programmed with a design that has no supported debug core(s) in it.
close_hw
WARNING: [IP_Flow 19-4067] Ignoring invalid widget type specified checkbox.Providing a default widget
WARNING: [IP_Flow 19-4067] Ignoring invalid widget type specified checkbox.Providing a default widget
set_property -dict [list CONFIG.Coe_File {../../../../Project.srcs/sources_1/imports/Reconstruct_64_1dsp/svd_vectors_64x64_img01.coe}] [get_ips blk_mem_gen_0]
WARNING: [IP_Flow 19-4067] Ignoring invalid widget type specified checkbox.Providing a default widget
WARNING: [IP_Flow 19-4067] Ignoring invalid widget type specified checkbox.Providing a default widget
set_property -dict [list CONFIG.Load_Init_File {false} CONFIG.Coe_File {no_coe_file_loaded}] [get_ips blk_mem_gen_0]
WARNING: [IP_Flow 19-3374] An attempt to modify the value of disabled parameter 'Coe_File' from 'no_coe_file_loaded' to 'no_coe_file_loaded' has been ignored for IP 'blk_mem_gen_0'
generate_target all [get_files  C:/Users/13083/Documents/GitHub/ECE532_Project_MVP/Project/Project.srcs/sources_1/ip/blk_mem_gen_0/blk_mem_gen_0.xci]
INFO: [IP_Flow 19-1686] Generating 'Instantiation Template' target for IP 'blk_mem_gen_0'...
INFO: [IP_Flow 19-1686] Generating 'Synthesis' target for IP 'blk_mem_gen_0'...
INFO: [IP_Flow 19-1686] Generating 'Simulation' target for IP 'blk_mem_gen_0'...
INFO: [IP_Flow 19-1686] Generating 'Miscellaneous' target for IP 'blk_mem_gen_0'...
INFO: [IP_Flow 19-1686] Generating 'Change Log' target for IP 'blk_mem_gen_0'...
catch { config_ip_cache -export [get_ips -all blk_mem_gen_0] }
INFO: [IP_Flow 19-4993] Using cached IP synthesis design for IP blk_mem_gen_0, cache-ID = 45d12398c0376bde; cache size = 14.396 MB.
catch { [ delete_ip_run [get_ips -all blk_mem_gen_0] ] }
INFO: [Project 1-386] Moving file 'C:/Users/13083/Documents/GitHub/ECE532_Project_MVP/Project/Project.srcs/sources_1/ip/blk_mem_gen_0/blk_mem_gen_0.xci' from fileset 'blk_mem_gen_0' to fileset 'sources_1'.
export_ip_user_files -of_objects [get_files C:/Users/13083/Documents/GitHub/ECE532_Project_MVP/Project/Project.srcs/sources_1/ip/blk_mem_gen_0/blk_mem_gen_0.xci] -no_script -sync -force -quiet
create_ip_run [get_files -of_objects [get_fileset sources_1] C:/Users/13083/Documents/GitHub/ECE532_Project_MVP/Project/Project.srcs/sources_1/ip/blk_mem_gen_0/blk_mem_gen_0.xci]
INFO: [Vivado 12-3453] The given sub-design is up-to-date, no action was taken.  If a run is still desired, use the '-force' option for the file:'C:/Users/13083/Documents/GitHub/ECE532_Project_MVP/Project/Project.srcs/sources_1/ip/blk_mem_gen_0/blk_mem_gen_0.xci'
export_simulation -of_objects [get_files C:/Users/13083/Documents/GitHub/ECE532_Project_MVP/Project/Project.srcs/sources_1/ip/blk_mem_gen_0/blk_mem_gen_0.xci] -directory C:/Users/13083/Documents/GitHub/ECE532_Project_MVP/Project/Project.ip_user_files/sim_scripts -ip_user_files_dir C:/Users/13083/Documents/GitHub/ECE532_Project_MVP/Project/Project.ip_user_files -ipstatic_source_dir C:/Users/13083/Documents/GitHub/ECE532_Project_MVP/Project/Project.ip_user_files/ipstatic -lib_map_path [list {modelsim=C:/Users/13083/Documents/GitHub/ECE532_Project_MVP/Project/Project.cache/compile_simlib/modelsim} {questa=C:/Users/13083/Documents/GitHub/ECE532_Project_MVP/Project/Project.cache/compile_simlib/questa} {riviera=C:/Users/13083/Documents/GitHub/ECE532_Project_MVP/Project/Project.cache/compile_simlib/riviera} {activehdl=C:/Users/13083/Documents/GitHub/ECE532_Project_MVP/Project/Project.cache/compile_simlib/activehdl}] -use_ip_compiled_libs -force -quiet
WARNING: [IP_Flow 19-4067] Ignoring invalid widget type specified checkbox.Providing a default widget
WARNING: [IP_Flow 19-4067] Ignoring invalid widget type specified checkbox.Providing a default widget
INFO: [IP_Flow 19-3484] Absolute path of file 'c:/Users/13083/Documents/GitHub/ECE532_Project_MVP/Project/Project.srcs/sources_1/imports/Reconstruct_64_1dsp/svd_vectors_64x64_img01.coe' provided. It will be converted relative to IP Instance files '../../../../Project.srcs/sources_1/imports/Reconstruct_64_1dsp/svd_vectors_64x64_img01.coe'
set_property -dict [list CONFIG.Load_Init_File {true} CONFIG.Coe_File {C:/Users/13083/Documents/GitHub/ECE532_Project_MVP/Project/Project.srcs/sources_1/imports/Reconstruct_64_1dsp/svd_vectors_64x64_img01.coe}] [get_ips blk_mem_gen_0]
INFO: [IP_Flow 19-3484] Absolute path of file 'c:/Users/13083/Documents/GitHub/ECE532_Project_MVP/Project/Project.srcs/sources_1/imports/Reconstruct_64_1dsp/svd_vectors_64x64_img01.coe' provided. It will be converted relative to IP Instance files '../../imports/Reconstruct_64_1dsp/svd_vectors_64x64_img01.coe'
generate_target all [get_files  C:/Users/13083/Documents/GitHub/ECE532_Project_MVP/Project/Project.srcs/sources_1/ip/blk_mem_gen_0/blk_mem_gen_0.xci]
INFO: [IP_Flow 19-1686] Generating 'Instantiation Template' target for IP 'blk_mem_gen_0'...
INFO: [IP_Flow 19-1686] Generating 'Synthesis' target for IP 'blk_mem_gen_0'...
INFO: [IP_Flow 19-1686] Generating 'Simulation' target for IP 'blk_mem_gen_0'...
INFO: [IP_Flow 19-1686] Generating 'Miscellaneous' target for IP 'blk_mem_gen_0'...
INFO: [IP_Flow 19-1686] Generating 'Change Log' target for IP 'blk_mem_gen_0'...
catch { config_ip_cache -export [get_ips -all blk_mem_gen_0] }
INFO: [IP_Flow 19-4993] Using cached IP synthesis design for IP blk_mem_gen_0, cache-ID = bd1750b37be37cc2; cache size = 14.396 MB.
export_ip_user_files -of_objects [get_files C:/Users/13083/Documents/GitHub/ECE532_Project_MVP/Project/Project.srcs/sources_1/ip/blk_mem_gen_0/blk_mem_gen_0.xci] -no_script -sync -force -quiet
create_ip_run [get_files -of_objects [get_fileset sources_1] C:/Users/13083/Documents/GitHub/ECE532_Project_MVP/Project/Project.srcs/sources_1/ip/blk_mem_gen_0/blk_mem_gen_0.xci]
INFO: [Vivado 12-3453] The given sub-design is up-to-date, no action was taken.  If a run is still desired, use the '-force' option for the file:'C:/Users/13083/Documents/GitHub/ECE532_Project_MVP/Project/Project.srcs/sources_1/ip/blk_mem_gen_0/blk_mem_gen_0.xci'
export_simulation -of_objects [get_files C:/Users/13083/Documents/GitHub/ECE532_Project_MVP/Project/Project.srcs/sources_1/ip/blk_mem_gen_0/blk_mem_gen_0.xci] -directory C:/Users/13083/Documents/GitHub/ECE532_Project_MVP/Project/Project.ip_user_files/sim_scripts -ip_user_files_dir C:/Users/13083/Documents/GitHub/ECE532_Project_MVP/Project/Project.ip_user_files -ipstatic_source_dir C:/Users/13083/Documents/GitHub/ECE532_Project_MVP/Project/Project.ip_user_files/ipstatic -lib_map_path [list {modelsim=C:/Users/13083/Documents/GitHub/ECE532_Project_MVP/Project/Project.cache/compile_simlib/modelsim} {questa=C:/Users/13083/Documents/GitHub/ECE532_Project_MVP/Project/Project.cache/compile_simlib/questa} {riviera=C:/Users/13083/Documents/GitHub/ECE532_Project_MVP/Project/Project.cache/compile_simlib/riviera} {activehdl=C:/Users/13083/Documents/GitHub/ECE532_Project_MVP/Project/Project.cache/compile_simlib/activehdl}] -use_ip_compiled_libs -force -quiet
reset_run synth_1
launch_runs impl_1 -to_step write_bitstream -jobs 12
INFO: [Vivado 12-4149] The synthesis checkpoint for IP 'C:/Users/13083/Documents/GitHub/ECE532_Project_MVP/Project/Project.srcs/sources_1/ip/blk_mem_gen_1/blk_mem_gen_1.xci' is already up-to-date
INFO: [Vivado 12-4149] The synthesis checkpoint for IP 'C:/Users/13083/Documents/GitHub/ECE532_Project_MVP/Project/Project.srcs/sources_1/ip/blk_mem_gen_0/blk_mem_gen_0.xci' is already up-to-date
[Sun Mar 22 13:51:46 2026] Launched synth_1...
Run output will be captured here: C:/Users/13083/Documents/GitHub/ECE532_Project_MVP/Project/Project.runs/synth_1/runme.log
[Sun Mar 22 13:51:46 2026] Launched impl_1...
Run output will be captured here: C:/Users/13083/Documents/GitHub/ECE532_Project_MVP/Project/Project.runs/impl_1/runme.log
launch_runs: Time (s): cpu = 00:00:01 ; elapsed = 00:00:28 . Memory (MB): peak = 2472.965 ; gain = 0.000
open_hw
connect_hw_server
INFO: [Labtools 27-2285] Connecting to hw_server url TCP:localhost:3121
INFO: [Labtools 27-2222] Launching hw_server...
INFO: [Labtools 27-2221] Launch Output:

****** Xilinx hw_server v2018.3
  **** Build date : Dec  7 2018-00:40:27
    ** Copyright 1986-2018 Xilinx, Inc. All Rights Reserved.


connect_hw_server: Time (s): cpu = 00:00:01 ; elapsed = 00:00:06 . Memory (MB): peak = 2472.965 ; gain = 0.000
open_hw_target
INFO: [Labtoolstcl 44-466] Opening hw_target localhost:3121/xilinx_tcf/Digilent/210292BD6C3FA
set_property PROGRAM.FILE {C:/Users/13083/Documents/GitHub/ECE532_Project_MVP/Project/Project.runs/impl_1/project_mvp_top.bit} [get_hw_devices xc7a100t_0]
current_hw_device [get_hw_devices xc7a100t_0]
refresh_hw_device -update_hw_probes false [lindex [get_hw_devices xc7a100t_0] 0]
INFO: [Labtools 27-1434] Device xc7a100t (JTAG device index = 0) is programmed with a design that has no supported debug core(s) in it.
set_property PROBES.FILE {} [get_hw_devices xc7a100t_0]
set_property FULL_PROBES.FILE {} [get_hw_devices xc7a100t_0]
set_property PROGRAM.FILE {C:/Users/13083/Documents/GitHub/ECE532_Project_MVP/Project/Project.runs/impl_1/project_mvp_top.bit} [get_hw_devices xc7a100t_0]
program_hw_devices [get_hw_devices xc7a100t_0]
INFO: [Labtools 27-3164] End of startup status: HIGH
refresh_hw_device [lindex [get_hw_devices xc7a100t_0] 0]
INFO: [Labtools 27-1434] Device xc7a100t (JTAG device index = 0) is programmed with a design that has no supported debug core(s) in it.
