#-----------------------------------------------------------
# Vivado v2018.3 (64-bit)
# SW Build 2405991 on Thu Dec  6 23:38:27 MST 2018
# IP Build 2404404 on Fri Dec  7 01:43:56 MST 2018
# Start of session at: Wed Mar 18 02:37:37 2026
# Process ID: 36708
# Current directory: C:/Users/13083/Documents/GitHub/ECE532_Project_MVP/Project
# Command line: vivado.exe -gui_launcher_event rodinguilauncherevent19452 C:\Users\13083\Documents\GitHub\ECE532_Project_MVP\Project\Project.xpr
# Log file: C:/Users/13083/Documents/GitHub/ECE532_Project_MVP/Project/vivado.log
# Journal file: C:/Users/13083/Documents/GitHub/ECE532_Project_MVP/Project\vivado.jou
#-----------------------------------------------------------
start_gui
open_project C:/Users/13083/Documents/GitHub/ECE532_Project_MVP/Project/Project.xpr
Scanning sources...
Finished scanning sources
INFO: [IP_Flow 19-234] Refreshing IP repositories
INFO: [IP_Flow 19-1704] No user IP repositories specified
INFO: [IP_Flow 19-2313] Loaded Vivado IP repository 'C:/Xilinx2018/Vivado/2018.3/data/ip'.
update_compile_order -fileset sources_1
open_hw
connect_hw_server
INFO: [Labtools 27-2285] Connecting to hw_server url TCP:localhost:3121
INFO: [Labtools 27-2222] Launching hw_server...
INFO: [Labtools 27-2221] Launch Output:

****** Xilinx hw_server v2018.3
  **** Build date : Dec  7 2018-00:40:27
    ** Copyright 1986-2018 Xilinx, Inc. All Rights Reserved.


connect_hw_server: Time (s): cpu = 00:00:01 ; elapsed = 00:00:06 . Memory (MB): peak = 1210.199 ; gain = 0.000
open_hw_target
INFO: [Labtoolstcl 44-466] Opening hw_target localhost:3121/xilinx_tcf/Digilent/210292BD6C3FA
set_property PROGRAM.FILE {C:/Users/13083/Documents/GitHub/ECE532_Project_MVP/Project/Project.runs/impl_1/project_mvp_top.bit} [get_hw_devices xc7a100t_0]
current_hw_device [get_hw_devices xc7a100t_0]
refresh_hw_device -update_hw_probes false [lindex [get_hw_devices xc7a100t_0] 0]
INFO: [Labtools 27-1434] Device xc7a100t (JTAG device index = 0) is programmed with a design that has no supported debug core(s) in it.
set_property PROBES.FILE {} [get_hw_devices xc7a100t_0]
set_property FULL_PROBES.FILE {} [get_hw_devices xc7a100t_0]
set_property PROGRAM.FILE {C:/Users/13083/Documents/GitHub/ECE532_Project_MVP/Project/Project.runs/impl_1/project_mvp_top.bit} [get_hw_devices xc7a100t_0]
program_hw_devices [get_hw_devices xc7a100t_0]
INFO: [Labtools 27-3164] End of startup status: HIGH
refresh_hw_device [lindex [get_hw_devices xc7a100t_0] 0]
INFO: [Labtools 27-1434] Device xc7a100t (JTAG device index = 0) is programmed with a design that has no supported debug core(s) in it.
ERROR: [Labtoolstcl 44-513] HW Target shutdown. Closing target: localhost:3121/xilinx_tcf/Digilent/210292BD6C3FA
exit
INFO: [Common 17-206] Exiting Vivado at Wed Mar 18 02:38:56 2026...
